<?xml version="1.0" encoding="UTF-8"?>
<coverage generated="1720971740051" clover="3.2.0">
  <project timestamp="1720971740051" name="All files">
    <metrics statements="188" coveredstatements="154" conditionals="69" coveredconditionals="48" methods="15" coveredmethods="13" elements="272" coveredelements="215" complexity="0" loc="188" ncloc="188" packages="4" files="5" classes="5"/>
    <package name="src">
      <metrics statements="149" coveredstatements="126" conditionals="41" coveredconditionals="35" methods="9" coveredmethods="9"/>
      <file name="app.js" path="/Users/yathishr/Desktop/personal/hometask-be-template-master/src/app.js">
        <metrics statements="137" coveredstatements="114" conditionals="41" coveredconditionals="35" methods="9" coveredmethods="9"/>
        <line num="1" count="1" type="stmt"/>
        <line num="2" count="1" type="stmt"/>
        <line num="3" count="1" type="stmt"/>
        <line num="4" count="1" type="stmt"/>
        <line num="5" count="1" type="stmt"/>
        <line num="6" count="1" type="stmt"/>
        <line num="7" count="1" type="stmt"/>
        <line num="8" count="1" type="stmt"/>
        <line num="9" count="1" type="stmt"/>
        <line num="10" count="1" type="stmt"/>
        <line num="11" count="1" type="stmt"/>
        <line num="20" count="1" type="stmt"/>
        <line num="22" count="3" type="stmt"/>
        <line num="24" count="3" type="stmt"/>
        <line num="26" count="3" type="stmt"/>
        <line num="29" count="3" type="stmt"/>
        <line num="40" count="3" type="cond" truecount="2" falsecount="0"/>
        <line num="43" count="2" type="stmt"/>
        <line num="61" count="0" type="stmt"/>
        <line num="62" count="0" type="stmt"/>
        <line num="71" count="1" type="stmt"/>
        <line num="73" count="3" type="stmt"/>
        <line num="75" count="3" type="stmt"/>
        <line num="77" count="3" type="stmt"/>
        <line num="91" count="3" type="stmt"/>
        <line num="95" count="0" type="stmt"/>
        <line num="96" count="0" type="stmt"/>
        <line num="108" count="1" type="stmt"/>
        <line num="109" count="6" type="stmt"/>
        <line num="111" count="6" type="stmt"/>
        <line num="112" count="6" type="stmt"/>
        <line num="133" count="6" type="stmt"/>
        <line num="135" count="0" type="stmt"/>
        <line num="136" count="0" type="stmt"/>
        <line num="145" count="1" type="stmt"/>
        <line num="146" count="6" type="stmt"/>
        <line num="147" count="6" type="stmt"/>
        <line num="150" count="6" type="cond" truecount="2" falsecount="0"/>
        <line num="151" count="1" type="stmt"/>
        <line num="156" count="5" type="stmt"/>
        <line num="158" count="5" type="stmt"/>
        <line num="160" count="5" type="stmt"/>
        <line num="174" count="5" type="cond" truecount="2" falsecount="0"/>
        <line num="175" count="1" type="stmt"/>
        <line num="176" count="1" type="stmt"/>
        <line num="181" count="4" type="cond" truecount="2" falsecount="0"/>
        <line num="182" count="1" type="stmt"/>
        <line num="183" count="1" type="stmt"/>
        <line num="187" count="3" type="cond" truecount="2" falsecount="0"/>
        <line num="188" count="1" type="stmt"/>
        <line num="189" count="1" type="stmt"/>
        <line num="196" count="2" type="cond" truecount="2" falsecount="0"/>
        <line num="197" count="1" type="stmt"/>
        <line num="198" count="1" type="stmt"/>
        <line num="204" count="1" type="stmt"/>
        <line num="205" count="1" type="stmt"/>
        <line num="206" count="1" type="stmt"/>
        <line num="207" count="1" type="stmt"/>
        <line num="210" count="1" type="stmt"/>
        <line num="211" count="1" type="stmt"/>
        <line num="212" count="1" type="stmt"/>
        <line num="214" count="1" type="stmt"/>
        <line num="216" count="1" type="stmt"/>
        <line num="219" count="0" type="stmt"/>
        <line num="220" count="0" type="stmt"/>
        <line num="221" count="0" type="stmt"/>
        <line num="234" count="1" type="stmt"/>
        <line num="235" count="5" type="stmt"/>
        <line num="236" count="5" type="stmt"/>
        <line num="238" count="5" type="cond" truecount="2" falsecount="0"/>
        <line num="239" count="1" type="stmt"/>
        <line num="244" count="4" type="stmt"/>
        <line num="246" count="4" type="stmt"/>
        <line num="248" count="4" type="stmt"/>
        <line num="250" count="4" type="stmt"/>
        <line num="255" count="4" type="cond" truecount="1" falsecount="1"/>
        <line num="256" count="0" type="stmt"/>
        <line num="257" count="0" type="stmt"/>
        <line num="260" count="4" type="cond" truecount="2" falsecount="0"/>
        <line num="261" count="1" type="stmt"/>
        <line num="262" count="1" type="stmt"/>
        <line num="265" count="3" type="cond" truecount="2" falsecount="0"/>
        <line num="266" count="1" type="stmt"/>
        <line num="267" count="1" type="stmt"/>
        <line num="271" count="2" type="stmt"/>
        <line num="285" count="2" type="stmt"/>
        <line num="288" count="2" type="cond" truecount="2" falsecount="0"/>
        <line num="289" count="1" type="stmt"/>
        <line num="290" count="1" type="stmt"/>
        <line num="298" count="1" type="stmt"/>
        <line num="299" count="1" type="stmt"/>
        <line num="302" count="1" type="stmt"/>
        <line num="304" count="1" type="stmt"/>
        <line num="306" count="0" type="stmt"/>
        <line num="307" count="0" type="stmt"/>
        <line num="308" count="0" type="stmt"/>
        <line num="322" count="1" type="stmt"/>
        <line num="323" count="3" type="stmt"/>
        <line num="326" count="3" type="cond" truecount="1" falsecount="1"/>
        <line num="329" count="3" type="cond" truecount="2" falsecount="0"/>
        <line num="332" count="3" type="cond" truecount="2" falsecount="0"/>
        <line num="333" count="1" type="stmt"/>
        <line num="338" count="2" type="stmt"/>
        <line num="340" count="2" type="stmt"/>
        <line num="344" count="2" type="stmt"/>
        <line num="374" count="2" type="cond" truecount="1" falsecount="1"/>
        <line num="375" count="0" type="stmt"/>
        <line num="382" count="2" type="stmt"/>
        <line num="384" count="2" type="stmt"/>
        <line num="389" count="0" type="stmt"/>
        <line num="390" count="0" type="stmt"/>
        <line num="399" count="1" type="stmt"/>
        <line num="400" count="3" type="cond" truecount="1" falsecount="0"/>
        <line num="402" count="3" type="cond" truecount="1" falsecount="1"/>
        <line num="405" count="3" type="cond" truecount="2" falsecount="0"/>
        <line num="408" count="3" type="cond" truecount="2" falsecount="0"/>
        <line num="409" count="1" type="stmt"/>
        <line num="414" count="2" type="stmt"/>
        <line num="416" count="2" type="stmt"/>
        <line num="417" count="2" type="stmt"/>
        <line num="449" count="2" type="cond" truecount="1" falsecount="1"/>
        <line num="450" count="0" type="stmt"/>
        <line num="455" count="2" type="stmt"/>
        <line num="457" count="6" type="stmt"/>
        <line num="465" count="0" type="stmt"/>
        <line num="466" count="0" type="stmt"/>
        <line num="477" count="1" type="stmt"/>
        <line num="478" count="5" type="stmt"/>
        <line num="479" count="5" type="stmt"/>
        <line num="481" count="5" type="stmt"/>
        <line num="482" count="5" type="stmt"/>
        <line num="489" count="5" type="cond" truecount="1" falsecount="1"/>
        <line num="490" count="0" type="stmt"/>
        <line num="493" count="5" type="stmt"/>
        <line num="495" count="0" type="stmt"/>
        <line num="496" count="0" type="stmt"/>
        <line num="504" count="1" type="stmt"/>
      </file>
      <file name="model.js" path="/Users/yathishr/Desktop/personal/hometask-be-template-master/src/model.js">
        <metrics statements="12" coveredstatements="12" conditionals="0" coveredconditionals="0" methods="0" coveredmethods="0"/>
        <line num="1" count="1" type="stmt"/>
        <line num="3" count="1" type="stmt"/>
        <line num="10" count="1" type="stmt"/>
        <line num="38" count="1" type="stmt"/>
        <line num="55" count="1" type="stmt"/>
        <line num="79" count="1" type="stmt"/>
        <line num="80" count="1" type="stmt"/>
        <line num="81" count="1" type="stmt"/>
        <line num="82" count="1" type="stmt"/>
        <line num="83" count="1" type="stmt"/>
        <line num="84" count="1" type="stmt"/>
        <line num="86" count="1" type="stmt"/>
      </file>
    </package>
    <package name="src.constants">
      <metrics statements="2" coveredstatements="2" conditionals="0" coveredconditionals="0" methods="0" coveredmethods="0"/>
      <file name="common.constants.js" path="/Users/yathishr/Desktop/personal/hometask-be-template-master/src/constants/common.constants.js">
        <metrics statements="2" coveredstatements="2" conditionals="0" coveredconditionals="0" methods="0" coveredmethods="0"/>
        <line num="1" count="1" type="stmt"/>
        <line num="7" count="1" type="stmt"/>
      </file>
    </package>
    <package name="src.middleware">
      <metrics statements="7" coveredstatements="7" conditionals="4" coveredconditionals="2" methods="1" coveredmethods="1"/>
      <file name="getProfile.js" path="/Users/yathishr/Desktop/personal/hometask-be-template-master/src/middleware/getProfile.js">
        <metrics statements="7" coveredstatements="7" conditionals="4" coveredconditionals="2" methods="1" coveredmethods="1"/>
        <line num="2" count="1" type="stmt"/>
        <line num="3" count="23" type="stmt"/>
        <line num="4" count="23" type="cond" truecount="1" falsecount="1"/>
        <line num="5" count="23" type="cond" truecount="1" falsecount="1"/>
        <line num="6" count="23" type="stmt"/>
        <line num="7" count="23" type="stmt"/>
        <line num="9" count="1" type="stmt"/>
      </file>
    </package>
    <package name="src.utils">
      <metrics statements="30" coveredstatements="19" conditionals="24" coveredconditionals="11" methods="5" coveredmethods="3"/>
      <file name="int-spec-helper.utils.js" path="/Users/yathishr/Desktop/personal/hometask-be-template-master/src/utils/int-spec-helper.utils.js">
        <metrics statements="30" coveredstatements="19" conditionals="24" coveredconditionals="11" methods="5" coveredmethods="3"/>
        <line num="1" count="1" type="stmt"/>
        <line num="2" count="1" type="stmt"/>
        <line num="12" count="12" type="stmt"/>
        <line num="13" count="12" type="stmt"/>
        <line num="14" count="12" type="cond" truecount="2" falsecount="0"/>
        <line num="15" count="12" type="cond" truecount="1" falsecount="1"/>
        <line num="16" count="12" type="stmt"/>
        <line num="18" count="12" type="cond" truecount="1" falsecount="1"/>
        <line num="19" count="12" type="stmt"/>
        <line num="21" count="12" type="cond" truecount="1" falsecount="1"/>
        <line num="22" count="0" type="stmt"/>
        <line num="27" count="15" type="stmt"/>
        <line num="28" count="15" type="cond" truecount="3" falsecount="1"/>
        <line num="29" count="0" type="stmt"/>
        <line num="32" count="15" type="stmt"/>
        <line num="33" count="15" type="cond" truecount="1" falsecount="1"/>
        <line num="34" count="15" type="stmt"/>
        <line num="36" count="15" type="stmt"/>
        <line num="38" count="15" type="stmt"/>
        <line num="39" count="15" type="stmt"/>
        <line num="51" count="0" type="stmt"/>
        <line num="52" count="0" type="cond" truecount="0" falsecount="4"/>
        <line num="53" count="0" type="stmt"/>
        <line num="56" count="0" type="stmt"/>
        <line num="57" count="0" type="cond" truecount="0" falsecount="2"/>
        <line num="58" count="0" type="stmt"/>
        <line num="60" count="0" type="stmt"/>
        <line num="61" count="0" type="stmt"/>
        <line num="62" count="0" type="stmt"/>
        <line num="67" count="1" type="stmt"/>
      </file>
    </package>
  </project>
</coverage>
