{"/Users/yathishr/Desktop/personal/hometask-be-template-master/src/app.js": {"path":"/Users/yathishr/Desktop/personal/hometask-be-template-master/src/app.js","statementMap":{"0":{"start":{"line":1,"column":16},"end":{"line":1,"column":34}},"1":{"start":{"line":2,"column":19},"end":{"line":2,"column":41}},"2":{"start":{"line":3,"column":22},"end":{"line":3,"column":40}},"3":{"start":{"line":4,"column":15},"end":{"line":4,"column":35}},"4":{"start":{"line":5,"column":23},"end":{"line":5,"column":57}},"5":{"start":{"line":6,"column":27},"end":{"line":6,"column":66}},"6":{"start":{"line":7,"column":15},"end":{"line":7,"column":32}},"7":{"start":{"line":8,"column":12},"end":{"line":8,"column":21}},"8":{"start":{"line":9,"column":0},"end":{"line":9,"column":27}},"9":{"start":{"line":10,"column":0},"end":{"line":10,"column":32}},"10":{"start":{"line":11,"column":0},"end":{"line":11,"column":36}},"11":{"start":{"line":20,"column":0},"end":{"line":66,"column":3}},"12":{"start":{"line":22,"column":32},"end":{"line":22,"column":53}},"13":{"start":{"line":24,"column":2},"end":{"line":65,"column":3}},"14":{"start":{"line":26,"column":19},"end":{"line":26,"column":29}},"15":{"start":{"line":29,"column":21},"end":{"line":37,"column":6}},"16":{"start":{"line":40,"column":4},"end":{"line":40,"column":82}},"17":{"start":{"line":40,"column":19},"end":{"line":40,"column":82}},"18":{"start":{"line":43,"column":4},"end":{"line":59,"column":7}},"19":{"start":{"line":61,"column":4},"end":{"line":61,"column":57}},"20":{"start":{"line":62,"column":4},"end":{"line":64,"column":73}},"21":{"start":{"line":71,"column":0},"end":{"line":100,"column":3}},"22":{"start":{"line":73,"column":23},"end":{"line":73,"column":44}},"23":{"start":{"line":75,"column":2},"end":{"line":99,"column":3}},"24":{"start":{"line":77,"column":22},"end":{"line":88,"column":6}},"25":{"start":{"line":91,"column":4},"end":{"line":93,"column":7}},"26":{"start":{"line":95,"column":4},"end":{"line":95,"column":58}},"27":{"start":{"line":96,"column":4},"end":{"line":98,"column":76}},"28":{"start":{"line":108,"column":0},"end":{"line":140,"column":3}},"29":{"start":{"line":109,"column":28},"end":{"line":109,"column":49}},"30":{"start":{"line":111,"column":2},"end":{"line":139,"column":3}},"31":{"start":{"line":112,"column":17},"end":{"line":130,"column":6}},"32":{"start":{"line":133,"column":4},"end":{"line":133,"column":23}},"33":{"start":{"line":135,"column":4},"end":{"line":135,"column":60}},"34":{"start":{"line":136,"column":4},"end":{"line":138,"column":76}},"35":{"start":{"line":145,"column":0},"end":{"line":225,"column":3}},"36":{"start":{"line":146,"column":37},"end":{"line":146,"column":58}},"37":{"start":{"line":147,"column":21},"end":{"line":147,"column":31}},"38":{"start":{"line":150,"column":3},"end":{"line":154,"column":3}},"39":{"start":{"line":151,"column":4},"end":{"line":153,"column":80}},"40":{"start":{"line":156,"column":12},"end":{"line":156,"column":41}},"41":{"start":{"line":158,"column":2},"end":{"line":224,"column":3}},"42":{"start":{"line":160,"column":16},"end":{"line":172,"column":6}},"43":{"start":{"line":174,"column":4},"end":{"line":177,"column":5}},"44":{"start":{"line":175,"column":6},"end":{"line":175,"column":25}},"45":{"start":{"line":176,"column":6},"end":{"line":176,"column":94}},"46":{"start":{"line":181,"column":4},"end":{"line":184,"column":5}},"47":{"start":{"line":182,"column":6},"end":{"line":182,"column":25}},"48":{"start":{"line":183,"column":6},"end":{"line":183,"column":82}},"49":{"start":{"line":187,"column":4},"end":{"line":193,"column":5}},"50":{"start":{"line":188,"column":6},"end":{"line":188,"column":25}},"51":{"start":{"line":189,"column":6},"end":{"line":192,"column":9}},"52":{"start":{"line":196,"column":4},"end":{"line":201,"column":5}},"53":{"start":{"line":197,"column":6},"end":{"line":197,"column":25}},"54":{"start":{"line":198,"column":6},"end":{"line":200,"column":72}},"55":{"start":{"line":204,"column":4},"end":{"line":204,"column":45}},"56":{"start":{"line":205,"column":4},"end":{"line":205,"column":49}},"57":{"start":{"line":206,"column":4},"end":{"line":206,"column":20}},"58":{"start":{"line":207,"column":4},"end":{"line":207,"column":33}},"59":{"start":{"line":210,"column":4},"end":{"line":210,"column":55}},"60":{"start":{"line":211,"column":4},"end":{"line":211,"column":59}},"61":{"start":{"line":212,"column":4},"end":{"line":212,"column":39}},"62":{"start":{"line":214,"column":4},"end":{"line":214,"column":21}},"63":{"start":{"line":216,"column":4},"end":{"line":216,"column":64}},"64":{"start":{"line":219,"column":4},"end":{"line":219,"column":23}},"65":{"start":{"line":220,"column":4},"end":{"line":220,"column":59}},"66":{"start":{"line":221,"column":4},"end":{"line":223,"column":74}},"67":{"start":{"line":234,"column":0},"end":{"line":312,"column":3}},"68":{"start":{"line":235,"column":21},"end":{"line":235,"column":31}},"69":{"start":{"line":236,"column":21},"end":{"line":236,"column":29}},"70":{"start":{"line":238,"column":2},"end":{"line":242,"column":3}},"71":{"start":{"line":239,"column":4},"end":{"line":241,"column":7}},"72":{"start":{"line":244,"column":37},"end":{"line":244,"column":58}},"73":{"start":{"line":246,"column":12},"end":{"line":246,"column":41}},"74":{"start":{"line":248,"column":2},"end":{"line":311,"column":3}},"75":{"start":{"line":250,"column":19},"end":{"line":253,"column":6}},"76":{"start":{"line":255,"column":4},"end":{"line":258,"column":5}},"77":{"start":{"line":256,"column":6},"end":{"line":256,"column":25}},"78":{"start":{"line":257,"column":6},"end":{"line":257,"column":66}},"79":{"start":{"line":260,"column":4},"end":{"line":263,"column":5}},"80":{"start":{"line":261,"column":6},"end":{"line":261,"column":25}},"81":{"start":{"line":262,"column":6},"end":{"line":262,"column":106}},"82":{"start":{"line":265,"column":4},"end":{"line":268,"column":5}},"83":{"start":{"line":266,"column":6},"end":{"line":266,"column":25}},"84":{"start":{"line":267,"column":6},"end":{"line":267,"column":87}},"85":{"start":{"line":271,"column":22},"end":{"line":282,"column":6}},"86":{"start":{"line":285,"column":23},"end":{"line":285,"column":39}},"87":{"start":{"line":288,"column":4},"end":{"line":295,"column":5}},"88":{"start":{"line":289,"column":6},"end":{"line":289,"column":25}},"89":{"start":{"line":290,"column":6},"end":{"line":294,"column":9}},"90":{"start":{"line":298,"column":4},"end":{"line":298,"column":29}},"91":{"start":{"line":299,"column":4},"end":{"line":299,"column":42}},"92":{"start":{"line":302,"column":4},"end":{"line":302,"column":21}},"93":{"start":{"line":304,"column":4},"end":{"line":304,"column":77}},"94":{"start":{"line":306,"column":4},"end":{"line":306,"column":23}},"95":{"start":{"line":307,"column":4},"end":{"line":307,"column":55}},"96":{"start":{"line":308,"column":4},"end":{"line":310,"column":74}},"97":{"start":{"line":322,"column":0},"end":{"line":394,"column":3}},"98":{"start":{"line":323,"column":25},"end":{"line":323,"column":34}},"99":{"start":{"line":326,"column":18},"end":{"line":328,"column":30}},"100":{"start":{"line":329,"column":16},"end":{"line":329,"column":58}},"101":{"start":{"line":332,"column":2},"end":{"line":336,"column":3}},"102":{"start":{"line":333,"column":4},"end":{"line":335,"column":62}},"103":{"start":{"line":338,"column":37},"end":{"line":338,"column":58}},"104":{"start":{"line":340,"column":2},"end":{"line":393,"column":3}},"105":{"start":{"line":344,"column":27},"end":{"line":372,"column":6}},"106":{"start":{"line":374,"column":4},"end":{"line":380,"column":5}},"107":{"start":{"line":375,"column":6},"end":{"line":379,"column":11}},"108":{"start":{"line":382,"column":43},"end":{"line":382,"column":60}},"109":{"start":{"line":384,"column":4},"end":{"line":387,"column":7}},"110":{"start":{"line":389,"column":4},"end":{"line":389,"column":57}},"111":{"start":{"line":390,"column":4},"end":{"line":392,"column":76}},"112":{"start":{"line":399,"column":0},"end":{"line":472,"column":3}},"113":{"start":{"line":400,"column":36},"end":{"line":400,"column":45}},"114":{"start":{"line":402,"column":18},"end":{"line":404,"column":30}},"115":{"start":{"line":405,"column":16},"end":{"line":405,"column":58}},"116":{"start":{"line":408,"column":2},"end":{"line":412,"column":3}},"117":{"start":{"line":409,"column":4},"end":{"line":411,"column":62}},"118":{"start":{"line":414,"column":37},"end":{"line":414,"column":58}},"119":{"start":{"line":416,"column":2},"end":{"line":471,"column":3}},"120":{"start":{"line":417,"column":20},"end":{"line":447,"column":6}},"121":{"start":{"line":449,"column":4},"end":{"line":453,"column":5}},"122":{"start":{"line":450,"column":6},"end":{"line":452,"column":80}},"123":{"start":{"line":455,"column":4},"end":{"line":463,"column":6}},"124":{"start":{"line":457,"column":42},"end":{"line":461,"column":9}},"125":{"start":{"line":465,"column":4},"end":{"line":465,"column":62}},"126":{"start":{"line":466,"column":4},"end":{"line":470,"column":9}},"127":{"start":{"line":477,"column":0},"end":{"line":500,"column":3}},"128":{"start":{"line":478,"column":21},"end":{"line":478,"column":31}},"129":{"start":{"line":479,"column":22},"end":{"line":479,"column":43}},"130":{"start":{"line":481,"column":2},"end":{"line":499,"column":3}},"131":{"start":{"line":482,"column":19},"end":{"line":487,"column":6}},"132":{"start":{"line":489,"column":4},"end":{"line":491,"column":5}},"133":{"start":{"line":490,"column":6},"end":{"line":490,"column":64}},"134":{"start":{"line":493,"column":4},"end":{"line":493,"column":21}},"135":{"start":{"line":495,"column":4},"end":{"line":495,"column":50}},"136":{"start":{"line":496,"column":4},"end":{"line":498,"column":69}},"137":{"start":{"line":504,"column":0},"end":{"line":504,"column":21}}},"fnMap":{"0":{"name":"(anonymous_0)","decl":{"start":{"line":20,"column":38},"end":{"line":20,"column":39}},"loc":{"start":{"line":20,"column":58},"end":{"line":66,"column":1}},"line":20},"1":{"name":"(anonymous_1)","decl":{"start":{"line":71,"column":34},"end":{"line":71,"column":35}},"loc":{"start":{"line":71,"column":54},"end":{"line":100,"column":1}},"line":71},"2":{"name":"(anonymous_2)","decl":{"start":{"line":108,"column":36},"end":{"line":108,"column":37}},"loc":{"start":{"line":108,"column":56},"end":{"line":140,"column":1}},"line":108},"3":{"name":"(anonymous_3)","decl":{"start":{"line":145,"column":42},"end":{"line":145,"column":43}},"loc":{"start":{"line":145,"column":62},"end":{"line":225,"column":1}},"line":145},"4":{"name":"(anonymous_4)","decl":{"start":{"line":234,"column":50},"end":{"line":234,"column":51}},"loc":{"start":{"line":234,"column":70},"end":{"line":312,"column":1}},"line":234},"5":{"name":"(anonymous_5)","decl":{"start":{"line":322,"column":34},"end":{"line":322,"column":35}},"loc":{"start":{"line":322,"column":54},"end":{"line":394,"column":1}},"line":322},"6":{"name":"(anonymous_6)","decl":{"start":{"line":399,"column":31},"end":{"line":399,"column":32}},"loc":{"start":{"line":399,"column":51},"end":{"line":472,"column":1}},"line":399},"7":{"name":"(anonymous_7)","decl":{"start":{"line":457,"column":29},"end":{"line":457,"column":30}},"loc":{"start":{"line":457,"column":42},"end":{"line":461,"column":9}},"line":457},"8":{"name":"(anonymous_8)","decl":{"start":{"line":477,"column":31},"end":{"line":477,"column":32}},"loc":{"start":{"line":477,"column":51},"end":{"line":500,"column":1}},"line":477}},"branchMap":{"0":{"loc":{"start":{"line":40,"column":4},"end":{"line":40,"column":82}},"type":"if","locations":[{"start":{"line":40,"column":4},"end":{"line":40,"column":82}},{"start":{},"end":{}}],"line":40},"1":{"loc":{"start":{"line":150,"column":3},"end":{"line":154,"column":3}},"type":"if","locations":[{"start":{"line":150,"column":3},"end":{"line":154,"column":3}},{"start":{},"end":{}}],"line":150},"2":{"loc":{"start":{"line":174,"column":4},"end":{"line":177,"column":5}},"type":"if","locations":[{"start":{"line":174,"column":4},"end":{"line":177,"column":5}},{"start":{},"end":{}}],"line":174},"3":{"loc":{"start":{"line":181,"column":4},"end":{"line":184,"column":5}},"type":"if","locations":[{"start":{"line":181,"column":4},"end":{"line":184,"column":5}},{"start":{},"end":{}}],"line":181},"4":{"loc":{"start":{"line":187,"column":4},"end":{"line":193,"column":5}},"type":"if","locations":[{"start":{"line":187,"column":4},"end":{"line":193,"column":5}},{"start":{},"end":{}}],"line":187},"5":{"loc":{"start":{"line":196,"column":4},"end":{"line":201,"column":5}},"type":"if","locations":[{"start":{"line":196,"column":4},"end":{"line":201,"column":5}},{"start":{},"end":{}}],"line":196},"6":{"loc":{"start":{"line":238,"column":2},"end":{"line":242,"column":3}},"type":"if","locations":[{"start":{"line":238,"column":2},"end":{"line":242,"column":3}},{"start":{},"end":{}}],"line":238},"7":{"loc":{"start":{"line":255,"column":4},"end":{"line":258,"column":5}},"type":"if","locations":[{"start":{"line":255,"column":4},"end":{"line":258,"column":5}},{"start":{},"end":{}}],"line":255},"8":{"loc":{"start":{"line":260,"column":4},"end":{"line":263,"column":5}},"type":"if","locations":[{"start":{"line":260,"column":4},"end":{"line":263,"column":5}},{"start":{},"end":{}}],"line":260},"9":{"loc":{"start":{"line":265,"column":4},"end":{"line":268,"column":5}},"type":"if","locations":[{"start":{"line":265,"column":4},"end":{"line":268,"column":5}},{"start":{},"end":{}}],"line":265},"10":{"loc":{"start":{"line":288,"column":4},"end":{"line":295,"column":5}},"type":"if","locations":[{"start":{"line":288,"column":4},"end":{"line":295,"column":5}},{"start":{},"end":{}}],"line":288},"11":{"loc":{"start":{"line":326,"column":18},"end":{"line":328,"column":30}},"type":"cond-expr","locations":[{"start":{"line":327,"column":6},"end":{"line":327,"column":33}},{"start":{"line":328,"column":6},"end":{"line":328,"column":30}}],"line":326},"12":{"loc":{"start":{"line":329,"column":16},"end":{"line":329,"column":58}},"type":"cond-expr","locations":[{"start":{"line":329,"column":22},"end":{"line":329,"column":47}},{"start":{"line":329,"column":50},"end":{"line":329,"column":58}}],"line":329},"13":{"loc":{"start":{"line":332,"column":2},"end":{"line":336,"column":3}},"type":"if","locations":[{"start":{"line":332,"column":2},"end":{"line":336,"column":3}},{"start":{},"end":{}}],"line":332},"14":{"loc":{"start":{"line":374,"column":4},"end":{"line":380,"column":5}},"type":"if","locations":[{"start":{"line":374,"column":4},"end":{"line":380,"column":5}},{"start":{},"end":{}}],"line":374},"15":{"loc":{"start":{"line":400,"column":22},"end":{"line":400,"column":31}},"type":"default-arg","locations":[{"start":{"line":400,"column":30},"end":{"line":400,"column":31}}],"line":400},"16":{"loc":{"start":{"line":402,"column":18},"end":{"line":404,"column":30}},"type":"cond-expr","locations":[{"start":{"line":403,"column":6},"end":{"line":403,"column":33}},{"start":{"line":404,"column":6},"end":{"line":404,"column":30}}],"line":402},"17":{"loc":{"start":{"line":405,"column":16},"end":{"line":405,"column":58}},"type":"cond-expr","locations":[{"start":{"line":405,"column":22},"end":{"line":405,"column":47}},{"start":{"line":405,"column":50},"end":{"line":405,"column":58}}],"line":405},"18":{"loc":{"start":{"line":408,"column":2},"end":{"line":412,"column":3}},"type":"if","locations":[{"start":{"line":408,"column":2},"end":{"line":412,"column":3}},{"start":{},"end":{}}],"line":408},"19":{"loc":{"start":{"line":449,"column":4},"end":{"line":453,"column":5}},"type":"if","locations":[{"start":{"line":449,"column":4},"end":{"line":453,"column":5}},{"start":{},"end":{}}],"line":449},"20":{"loc":{"start":{"line":489,"column":4},"end":{"line":491,"column":5}},"type":"if","locations":[{"start":{"line":489,"column":4},"end":{"line":491,"column":5}},{"start":{},"end":{}}],"line":489}},"s":{"0":1,"1":1,"2":1,"3":1,"4":1,"5":1,"6":1,"7":1,"8":1,"9":1,"10":1,"11":1,"12":3,"13":3,"14":3,"15":3,"16":3,"17":1,"18":2,"19":0,"20":0,"21":1,"22":3,"23":3,"24":3,"25":3,"26":0,"27":0,"28":1,"29":6,"30":6,"31":6,"32":6,"33":0,"34":0,"35":1,"36":6,"37":6,"38":6,"39":1,"40":5,"41":5,"42":5,"43":5,"44":1,"45":1,"46":4,"47":1,"48":1,"49":3,"50":1,"51":1,"52":2,"53":1,"54":1,"55":1,"56":1,"57":1,"58":1,"59":1,"60":1,"61":1,"62":1,"63":1,"64":0,"65":0,"66":0,"67":1,"68":5,"69":5,"70":5,"71":1,"72":4,"73":4,"74":4,"75":4,"76":4,"77":0,"78":0,"79":4,"80":1,"81":1,"82":3,"83":1,"84":1,"85":2,"86":2,"87":2,"88":1,"89":1,"90":1,"91":1,"92":1,"93":1,"94":0,"95":0,"96":0,"97":1,"98":3,"99":3,"100":3,"101":3,"102":1,"103":2,"104":2,"105":2,"106":2,"107":0,"108":2,"109":2,"110":0,"111":0,"112":1,"113":3,"114":3,"115":3,"116":3,"117":1,"118":2,"119":2,"120":2,"121":2,"122":0,"123":2,"124":6,"125":0,"126":0,"127":1,"128":5,"129":5,"130":5,"131":5,"132":5,"133":0,"134":5,"135":0,"136":0,"137":1},"f":{"0":3,"1":3,"2":6,"3":6,"4":5,"5":3,"6":3,"7":6,"8":5},"b":{"0":[1,2],"1":[1,5],"2":[1,4],"3":[1,3],"4":[1,2],"5":[1,1],"6":[1,4],"7":[0,4],"8":[1,3],"9":[1,2],"10":[1,1],"11":[3,0],"12":[2,1],"13":[1,2],"14":[0,2],"15":[2],"16":[3,0],"17":[2,1],"18":[1,2],"19":[0,2],"20":[0,5]},"_coverageSchema":"1a1c01bbd47fc00a2c39e90264f33305004495a9","hash":"4c507870e383268a8d60ce171f7537e30877d33f"}
,"/Users/yathishr/Desktop/personal/hometask-be-template-master/src/model.js": {"path":"/Users/yathishr/Desktop/personal/hometask-be-template-master/src/model.js","statementMap":{"0":{"start":{"line":1,"column":18},"end":{"line":1,"column":38}},"1":{"start":{"line":3,"column":18},"end":{"line":7,"column":2}},"2":{"start":{"line":10,"column":0},"end":{"line":35,"column":2}},"3":{"start":{"line":38,"column":0},"end":{"line":52,"column":2}},"4":{"start":{"line":55,"column":0},"end":{"line":77,"column":2}},"5":{"start":{"line":79,"column":0},"end":{"line":79,"column":71}},"6":{"start":{"line":80,"column":0},"end":{"line":80,"column":47}},"7":{"start":{"line":81,"column":0},"end":{"line":81,"column":65}},"8":{"start":{"line":82,"column":0},"end":{"line":82,"column":43}},"9":{"start":{"line":83,"column":0},"end":{"line":83,"column":21}},"10":{"start":{"line":84,"column":0},"end":{"line":84,"column":23}},"11":{"start":{"line":86,"column":0},"end":{"line":91,"column":2}}},"fnMap":{},"branchMap":{},"s":{"0":1,"1":1,"2":1,"3":1,"4":1,"5":1,"6":1,"7":1,"8":1,"9":1,"10":1,"11":1},"f":{},"b":{},"_coverageSchema":"1a1c01bbd47fc00a2c39e90264f33305004495a9","hash":"791cc394c557558e2dd625f44959bffdcac0bdf6"}
,"/Users/yathishr/Desktop/personal/hometask-be-template-master/src/constants/common.constants.js": {"path":"/Users/yathishr/Desktop/personal/hometask-be-template-master/src/constants/common.constants.js","statementMap":{"0":{"start":{"line":1,"column":23},"end":{"line":5,"column":1}},"1":{"start":{"line":7,"column":0},"end":{"line":9,"column":1}}},"fnMap":{},"branchMap":{},"s":{"0":1,"1":1},"f":{},"b":{},"_coverageSchema":"1a1c01bbd47fc00a2c39e90264f33305004495a9","hash":"a238069da4a50c3bd5058133b6ce8a544f138cb5"}
,"/Users/yathishr/Desktop/personal/hometask-be-template-master/src/middleware/getProfile.js": {"path":"/Users/yathishr/Desktop/personal/hometask-be-template-master/src/middleware/getProfile.js","statementMap":{"0":{"start":{"line":2,"column":19},"end":{"line":8,"column":1}},"1":{"start":{"line":3,"column":22},"end":{"line":3,"column":43}},"2":{"start":{"line":4,"column":20},"end":{"line":4,"column":84}},"3":{"start":{"line":5,"column":4},"end":{"line":5,"column":45}},"4":{"start":{"line":5,"column":17},"end":{"line":5,"column":45}},"5":{"start":{"line":6,"column":4},"end":{"line":6,"column":25}},"6":{"start":{"line":7,"column":4},"end":{"line":7,"column":10}},"7":{"start":{"line":9,"column":0},"end":{"line":9,"column":29}}},"fnMap":{"0":{"name":"(anonymous_0)","decl":{"start":{"line":2,"column":19},"end":{"line":2,"column":20}},"loc":{"start":{"line":2,"column":45},"end":{"line":8,"column":1}},"line":2}},"branchMap":{"0":{"loc":{"start":{"line":4,"column":55},"end":{"line":4,"column":81}},"type":"binary-expr","locations":[{"start":{"line":4,"column":55},"end":{"line":4,"column":76}},{"start":{"line":4,"column":80},"end":{"line":4,"column":81}}],"line":4},"1":{"loc":{"start":{"line":5,"column":4},"end":{"line":5,"column":45}},"type":"if","locations":[{"start":{"line":5,"column":4},"end":{"line":5,"column":45}},{"start":{},"end":{}}],"line":5}},"s":{"0":1,"1":23,"2":23,"3":23,"4":0,"5":23,"6":23,"7":1},"f":{"0":23},"b":{"0":[23,0],"1":[0,23]},"_coverageSchema":"1a1c01bbd47fc00a2c39e90264f33305004495a9","hash":"6892ed1f453877a92373c905b5f8f1947261de7b"}
,"/Users/yathishr/Desktop/personal/hometask-be-template-master/src/utils/int-spec-helper.utils.js": {"path":"/Users/yathishr/Desktop/personal/hometask-be-template-master/src/utils/int-spec-helper.utils.js","statementMap":{"0":{"start":{"line":1,"column":10},"end":{"line":1,"column":27}},"1":{"start":{"line":2,"column":17},"end":{"line":2,"column":44}},"2":{"start":{"line":12,"column":27},"end":{"line":12,"column":30}},"3":{"start":{"line":13,"column":2},"end":{"line":13,"column":38}},"4":{"start":{"line":14,"column":16},"end":{"line":14,"column":42}},"5":{"start":{"line":15,"column":2},"end":{"line":17,"column":3}},"6":{"start":{"line":16,"column":4},"end":{"line":16,"column":24}},"7":{"start":{"line":18,"column":2},"end":{"line":20,"column":3}},"8":{"start":{"line":19,"column":4},"end":{"line":19,"column":51}},"9":{"start":{"line":21,"column":2},"end":{"line":23,"column":3}},"10":{"start":{"line":22,"column":4},"end":{"line":22,"column":46}},"11":{"start":{"line":27,"column":27},"end":{"line":27,"column":30}},"12":{"start":{"line":28,"column":2},"end":{"line":30,"column":3}},"13":{"start":{"line":29,"column":4},"end":{"line":29,"column":24}},"14":{"start":{"line":32,"column":21},"end":{"line":32,"column":25}},"15":{"start":{"line":33,"column":2},"end":{"line":35,"column":3}},"16":{"start":{"line":34,"column":4},"end":{"line":34,"column":26}},"17":{"start":{"line":36,"column":29},"end":{"line":36,"column":59}},"18":{"start":{"line":38,"column":2},"end":{"line":38,"column":65}},"19":{"start":{"line":39,"column":2},"end":{"line":41,"column":4}},"20":{"start":{"line":39,"column":39},"end":{"line":39,"column":56}},"21":{"start":{"line":51,"column":27},"end":{"line":51,"column":30}},"22":{"start":{"line":52,"column":2},"end":{"line":54,"column":3}},"23":{"start":{"line":53,"column":4},"end":{"line":53,"column":24}},"24":{"start":{"line":56,"column":21},"end":{"line":56,"column":25}},"25":{"start":{"line":57,"column":2},"end":{"line":59,"column":3}},"26":{"start":{"line":58,"column":4},"end":{"line":58,"column":26}},"27":{"start":{"line":60,"column":29},"end":{"line":60,"column":59}},"28":{"start":{"line":61,"column":2},"end":{"line":61,"column":65}},"29":{"start":{"line":62,"column":2},"end":{"line":64,"column":4}},"30":{"start":{"line":62,"column":39},"end":{"line":62,"column":56}},"31":{"start":{"line":67,"column":0},"end":{"line":71,"column":2}}},"fnMap":{"0":{"name":"assertErrStatus","decl":{"start":{"line":5,"column":9},"end":{"line":5,"column":24}},"loc":{"start":{"line":11,"column":2},"end":{"line":24,"column":1}},"line":11},"1":{"name":"assert200Body","decl":{"start":{"line":26,"column":9},"end":{"line":26,"column":22}},"loc":{"start":{"line":26,"column":76},"end":{"line":42,"column":1}},"line":26},"2":{"name":"(anonymous_2)","decl":{"start":{"line":39,"column":32},"end":{"line":39,"column":33}},"loc":{"start":{"line":39,"column":39},"end":{"line":39,"column":56}},"line":39},"3":{"name":"assert400Body","decl":{"start":{"line":44,"column":9},"end":{"line":44,"column":22}},"loc":{"start":{"line":50,"column":2},"end":{"line":65,"column":1}},"line":50},"4":{"name":"(anonymous_4)","decl":{"start":{"line":62,"column":32},"end":{"line":62,"column":33}},"loc":{"start":{"line":62,"column":39},"end":{"line":62,"column":56}},"line":62}},"branchMap":{"0":{"loc":{"start":{"line":14,"column":16},"end":{"line":14,"column":42}},"type":"binary-expr","locations":[{"start":{"line":14,"column":16},"end":{"line":14,"column":28}},{"start":{"line":14,"column":32},"end":{"line":14,"column":42}}],"line":14},"1":{"loc":{"start":{"line":15,"column":2},"end":{"line":17,"column":3}},"type":"if","locations":[{"start":{"line":15,"column":2},"end":{"line":17,"column":3}},{"start":{},"end":{}}],"line":15},"2":{"loc":{"start":{"line":18,"column":2},"end":{"line":20,"column":3}},"type":"if","locations":[{"start":{"line":18,"column":2},"end":{"line":20,"column":3}},{"start":{},"end":{}}],"line":18},"3":{"loc":{"start":{"line":21,"column":2},"end":{"line":23,"column":3}},"type":"if","locations":[{"start":{"line":21,"column":2},"end":{"line":23,"column":3}},{"start":{},"end":{}}],"line":21},"4":{"loc":{"start":{"line":26,"column":50},"end":{"line":26,"column":63}},"type":"default-arg","locations":[{"start":{"line":26,"column":59},"end":{"line":26,"column":63}}],"line":26},"5":{"loc":{"start":{"line":26,"column":65},"end":{"line":26,"column":74}},"type":"default-arg","locations":[{"start":{"line":26,"column":72},"end":{"line":26,"column":74}}],"line":26},"6":{"loc":{"start":{"line":28,"column":2},"end":{"line":30,"column":3}},"type":"if","locations":[{"start":{"line":28,"column":2},"end":{"line":30,"column":3}},{"start":{},"end":{}}],"line":28},"7":{"loc":{"start":{"line":28,"column":8},"end":{"line":28,"column":37}},"type":"binary-expr","locations":[{"start":{"line":28,"column":8},"end":{"line":28,"column":21}},{"start":{"line":28,"column":25},"end":{"line":28,"column":37}}],"line":28},"8":{"loc":{"start":{"line":33,"column":2},"end":{"line":35,"column":3}},"type":"if","locations":[{"start":{"line":33,"column":2},"end":{"line":35,"column":3}},{"start":{},"end":{}}],"line":33},"9":{"loc":{"start":{"line":48,"column":2},"end":{"line":48,"column":15}},"type":"default-arg","locations":[{"start":{"line":48,"column":11},"end":{"line":48,"column":15}}],"line":48},"10":{"loc":{"start":{"line":49,"column":2},"end":{"line":49,"column":11}},"type":"default-arg","locations":[{"start":{"line":49,"column":9},"end":{"line":49,"column":11}}],"line":49},"11":{"loc":{"start":{"line":52,"column":2},"end":{"line":54,"column":3}},"type":"if","locations":[{"start":{"line":52,"column":2},"end":{"line":54,"column":3}},{"start":{},"end":{}}],"line":52},"12":{"loc":{"start":{"line":52,"column":8},"end":{"line":52,"column":37}},"type":"binary-expr","locations":[{"start":{"line":52,"column":8},"end":{"line":52,"column":21}},{"start":{"line":52,"column":25},"end":{"line":52,"column":37}}],"line":52},"13":{"loc":{"start":{"line":57,"column":2},"end":{"line":59,"column":3}},"type":"if","locations":[{"start":{"line":57,"column":2},"end":{"line":59,"column":3}},{"start":{},"end":{}}],"line":57}},"s":{"0":1,"1":1,"2":12,"3":12,"4":12,"5":12,"6":12,"7":12,"8":12,"9":12,"10":0,"11":15,"12":15,"13":0,"14":15,"15":15,"16":15,"17":15,"18":15,"19":15,"20":15,"21":0,"22":0,"23":0,"24":0,"25":0,"26":0,"27":0,"28":0,"29":0,"30":0,"31":1},"f":{"0":12,"1":15,"2":15,"3":0,"4":0},"b":{"0":[12,6],"1":[12,0],"2":[12,0],"3":[0,12],"4":[6],"5":[6],"6":[0,15],"7":[15,15],"8":[15,0],"9":[0],"10":[0],"11":[0,0],"12":[0,0],"13":[0,0]},"_coverageSchema":"1a1c01bbd47fc00a2c39e90264f33305004495a9","hash":"c0a473517ac7f418606ccdfb22e2ce1e9fbfaf5d"}
}
