TN:
SF:src/app.js
FN:20,(anonymous_0)
FN:71,(anonymous_1)
FN:108,(anonymous_2)
FN:145,(anonymous_3)
FN:234,(anonymous_4)
FN:322,(anonymous_5)
FN:399,(anonymous_6)
FN:457,(anonymous_7)
FN:477,(anonymous_8)
FNF:9
FNH:9
FNDA:3,(anonymous_0)
FNDA:3,(anonymous_1)
FNDA:6,(anonymous_2)
FNDA:6,(anonymous_3)
FNDA:5,(anonymous_4)
FNDA:3,(anonymous_5)
FNDA:3,(anonymous_6)
FNDA:6,(anonymous_7)
FNDA:5,(anonymous_8)
DA:1,1
DA:2,1
DA:3,1
DA:4,1
DA:5,1
DA:6,1
DA:7,1
DA:8,1
DA:9,1
DA:10,1
DA:11,1
DA:20,1
DA:22,3
DA:24,3
DA:26,3
DA:29,3
DA:40,3
DA:43,2
DA:61,0
DA:62,0
DA:71,1
DA:73,3
DA:75,3
DA:77,3
DA:91,3
DA:95,0
DA:96,0
DA:108,1
DA:109,6
DA:111,6
DA:112,6
DA:133,6
DA:135,0
DA:136,0
DA:145,1
DA:146,6
DA:147,6
DA:150,6
DA:151,1
DA:156,5
DA:158,5
DA:160,5
DA:174,5
DA:175,1
DA:176,1
DA:181,4
DA:182,1
DA:183,1
DA:187,3
DA:188,1
DA:189,1
DA:196,2
DA:197,1
DA:198,1
DA:204,1
DA:205,1
DA:206,1
DA:207,1
DA:210,1
DA:211,1
DA:212,1
DA:214,1
DA:216,1
DA:219,0
DA:220,0
DA:221,0
DA:234,1
DA:235,5
DA:236,5
DA:238,5
DA:239,1
DA:244,4
DA:246,4
DA:248,4
DA:250,4
DA:255,4
DA:256,0
DA:257,0
DA:260,4
DA:261,1
DA:262,1
DA:265,3
DA:266,1
DA:267,1
DA:271,2
DA:285,2
DA:288,2
DA:289,1
DA:290,1
DA:298,1
DA:299,1
DA:302,1
DA:304,1
DA:306,0
DA:307,0
DA:308,0
DA:322,1
DA:323,3
DA:326,3
DA:329,3
DA:332,3
DA:333,1
DA:338,2
DA:340,2
DA:344,2
DA:374,2
DA:375,0
DA:382,2
DA:384,2
DA:389,0
DA:390,0
DA:399,1
DA:400,3
DA:402,3
DA:405,3
DA:408,3
DA:409,1
DA:414,2
DA:416,2
DA:417,2
DA:449,2
DA:450,0
DA:455,2
DA:457,6
DA:465,0
DA:466,0
DA:477,1
DA:478,5
DA:479,5
DA:481,5
DA:482,5
DA:489,5
DA:490,0
DA:493,5
DA:495,0
DA:496,0
DA:504,1
LF:137
LH:114
BRDA:40,0,0,1
BRDA:40,0,1,2
BRDA:150,1,0,1
BRDA:150,1,1,5
BRDA:174,2,0,1
BRDA:174,2,1,4
BRDA:181,3,0,1
BRDA:181,3,1,3
BRDA:187,4,0,1
BRDA:187,4,1,2
BRDA:196,5,0,1
BRDA:196,5,1,1
BRDA:238,6,0,1
BRDA:238,6,1,4
BRDA:255,7,0,0
BRDA:255,7,1,4
BRDA:260,8,0,1
BRDA:260,8,1,3
BRDA:265,9,0,1
BRDA:265,9,1,2
BRDA:288,10,0,1
BRDA:288,10,1,1
BRDA:326,11,0,3
BRDA:326,11,1,0
BRDA:329,12,0,2
BRDA:329,12,1,1
BRDA:332,13,0,1
BRDA:332,13,1,2
BRDA:374,14,0,0
BRDA:374,14,1,2
BRDA:400,15,0,2
BRDA:402,16,0,3
BRDA:402,16,1,0
BRDA:405,17,0,2
BRDA:405,17,1,1
BRDA:408,18,0,1
BRDA:408,18,1,2
BRDA:449,19,0,0
BRDA:449,19,1,2
BRDA:489,20,0,0
BRDA:489,20,1,5
BRF:41
BRH:35
end_of_record
TN:
SF:src/model.js
FNF:0
FNH:0
DA:1,1
DA:3,1
DA:10,1
DA:38,1
DA:55,1
DA:79,1
DA:80,1
DA:81,1
DA:82,1
DA:83,1
DA:84,1
DA:86,1
LF:12
LH:12
BRF:0
BRH:0
end_of_record
TN:
SF:src/constants/common.constants.js
FNF:0
FNH:0
DA:1,1
DA:7,1
LF:2
LH:2
BRF:0
BRH:0
end_of_record
TN:
SF:src/middleware/getProfile.js
FN:2,(anonymous_0)
FNF:1
FNH:1
FNDA:23,(anonymous_0)
DA:2,1
DA:3,23
DA:4,23
DA:5,23
DA:6,23
DA:7,23
DA:9,1
LF:7
LH:7
BRDA:4,0,0,23
BRDA:4,0,1,0
BRDA:5,1,0,0
BRDA:5,1,1,23
BRF:4
BRH:2
end_of_record
TN:
SF:src/utils/int-spec-helper.utils.js
FN:5,assertErrStatus
FN:26,assert200Body
FN:39,(anonymous_2)
FN:44,assert400Body
FN:62,(anonymous_4)
FNF:5
FNH:3
FNDA:12,assertErrStatus
FNDA:15,assert200Body
FNDA:15,(anonymous_2)
FNDA:0,assert400Body
FNDA:0,(anonymous_4)
DA:1,1
DA:2,1
DA:12,12
DA:13,12
DA:14,12
DA:15,12
DA:16,12
DA:18,12
DA:19,12
DA:21,12
DA:22,0
DA:27,15
DA:28,15
DA:29,0
DA:32,15
DA:33,15
DA:34,15
DA:36,15
DA:38,15
DA:39,15
DA:51,0
DA:52,0
DA:53,0
DA:56,0
DA:57,0
DA:58,0
DA:60,0
DA:61,0
DA:62,0
DA:67,1
LF:30
LH:19
BRDA:14,0,0,12
BRDA:14,0,1,6
BRDA:15,1,0,12
BRDA:15,1,1,0
BRDA:18,2,0,12
BRDA:18,2,1,0
BRDA:21,3,0,0
BRDA:21,3,1,12
BRDA:26,4,0,6
BRDA:26,5,0,6
BRDA:28,6,0,0
BRDA:28,6,1,15
BRDA:28,7,0,15
BRDA:28,7,1,15
BRDA:33,8,0,15
BRDA:33,8,1,0
BRDA:48,9,0,0
BRDA:49,10,0,0
BRDA:52,11,0,0
BRDA:52,11,1,0
BRDA:52,12,0,0
BRDA:52,12,1,0
BRDA:57,13,0,0
BRDA:57,13,1,0
BRF:24
BRH:11
end_of_record
